-------------------------------------------------------------------------------
Test set: com.bk.hotel.junit4.ParameterizedReservationServiceImplTest
-------------------------------------------------------------------------------
Tests run: 4, Failures: 1, Errors: 0, Skipped: 0, Time elapsed: 0.001 s <<< FAILURE! - in com.bk.hotel.junit4.ParameterizedReservationServiceImplTest
testVerifyReservationDates[0]  Time elapsed: 0 s  <<< FAILURE!
java.lang.AssertionError: actual is not empty
	at com.bk.hotel.junit4.ParameterizedReservationServiceImplTest.testVerifyReservationDates(ParameterizedReservationServiceImplTest.java:44)

