<?xml version="1.0" encoding="UTF-8"?>
<testsuite xmlns:xsi="http://www.w3.org/2001/XMLSchema-instance" xsi:noNamespaceSchemaLocation="https://maven.apache.org/surefire/maven-surefire-plugin/xsd/surefire-test-report.xsd" name="com.bk.hotel.repo.CustomerRepoJUnit5Test" time="3.699" tests="2" errors="2" skipped="0" failures="0">
  <properties>
[...]
</properties>
  <testcase name="testFindCustomersByFNameAndLName{TestInfo}" classname="com.bk.hotel.repo.CustomerRepoJUnit5Test" time="0.107">
    <error message="org.hibernate.exception.ConstraintViolationException: could not execute statement" type="javax.persistence.PersistenceException">javax.persistence.PersistenceException: org.hibernate.exception.ConstraintViolationException: could not execute statement
	at com.bk.hotel.repo.CustomerRepoJUnit5Test.testFindCustomersByFNameAndLName(CustomerRepoJUnit5Test.java:61)
Caused by: org.hibernate.exception.ConstraintViolationException: could not execute statement
	at com.bk.hotel.repo.CustomerRepoJUnit5Test.testFindCustomersByFNameAndLName(CustomerRepoJUnit5Test.java:61)
Caused by: org.h2.jdbc.JdbcSQLException: 
NULL not allowed for column "ID"; SQL statement:
insert into customers (id, first_name, last_name, middle_name, suffix) values (null, ?, ?, ?, ?) [23502-197]
	at com.bk.hotel.repo.CustomerRepoJUnit5Test.testFindCustomersByFNameAndLName(CustomerRepoJUnit5Test.java:61)
</error>
    <system-out><![CDATA[00:09:13.200 [main] DEBUG org.springframework.test.context.junit4.SpringJUnit4ClassRunner - SpringJUnit4ClassRunner constructor called with [class com.bk.hotel.junit4.CustomerRepoTest]
00:09:13.201 [main] DEBUG org.springframework.test.context.BootstrapUtils - Instantiating CacheAwareContextLoaderDelegate from class [org.springframework.test.context.cache.DefaultCacheAwareContextLoaderDelegate]
00:09:13.201 [main] DEBUG org.springframework.test.context.BootstrapUtils - Instantiating BootstrapContext using constructor [public org.springframework.test.context.support.DefaultBootstrapContext(java.lang.Class,org.springframework.test.context.CacheAwareContextLoaderDelegate)]
00:09:13.208 [main] DEBUG org.springframework.test.context.junit4.SpringJUnit4ClassRunner - SpringJUnit4ClassRunner constructor called with [class com.bk.hotel.controller.RoomControllerTest]
00:09:13.208 [main] DEBUG org.springframework.test.context.BootstrapUtils - Instantiating CacheAwareContextLoaderDelegate from class [org.springframework.test.context.cache.DefaultCacheAwareContextLoaderDelegate]
00:09:13.208 [main] DEBUG org.springframework.test.context.BootstrapUtils - Instantiating BootstrapContext using constructor [public org.springframework.test.context.support.DefaultBootstrapContext(java.lang.Class,org.springframework.test.context.CacheAwareContextLoaderDelegate)]
00:09:13.208 [main] DEBUG org.springframework.test.context.BootstrapUtils - Instantiating TestContextBootstrapper for test class [com.bk.hotel.controller.RoomControllerTest] from class [org.springframework.boot.test.autoconfigure.web.servlet.WebMvcTestContextBootstrapper]
00:09:13.209 [main] INFO org.springframework.boot.test.autoconfigure.web.servlet.WebMvcTestContextBootstrapper - Neither @ContextConfiguration nor @ContextHierarchy found for test class [com.bk.hotel.controller.RoomControllerTest], using SpringBootContextLoader
00:09:13.210 [main] DEBUG org.springframework.test.context.support.AbstractContextLoader - Did not detect default resource location for test class [com.bk.hotel.controller.RoomControllerTest]: class path resource [com/bk/hotel/controller/RoomControllerTest-context.xml] does not exist
00:09:13.211 [main] DEBUG org.springframework.test.context.support.AbstractContextLoader - Did not detect default resource location for test class [com.bk.hotel.controller.RoomControllerTest]: class path resource [com/bk/hotel/controller/RoomControllerTestContext.groovy] does not exist
00:09:13.211 [main] INFO org.springframework.test.context.support.AbstractContextLoader - Could not detect default resource locations for test class [com.bk.hotel.controller.RoomControllerTest]: no resource found for suffixes {-context.xml, Context.groovy}.
00:09:13.211 [main] INFO org.springframework.test.context.support.AnnotationConfigContextLoaderUtils - Could not detect default configuration classes for test class [com.bk.hotel.controller.RoomControllerTest]: RoomControllerTest does not declare any static, non-private, non-final, nested classes annotated with @Configuration.
00:09:13.220 [main] DEBUG org.springframework.test.context.support.ActiveProfilesUtils - Could not find an 'annotation declaring class' for annotation type [org.springframework.test.context.ActiveProfiles] and class [com.bk.hotel.controller.RoomControllerTest]
00:09:13.220 [main] INFO org.springframework.boot.test.context.SpringBootTestContextBootstrapper - Found @SpringBootConfiguration com.bk.hotel.HotelApplication for test class com.bk.hotel.controller.RoomControllerTest
00:09:13.221 [main] DEBUG org.springframework.boot.test.autoconfigure.web.servlet.WebMvcTestContextBootstrapper - @TestExecutionListeners is not present for class [com.bk.hotel.controller.RoomControllerTest]: using defaults.
00:09:13.222 [main] INFO org.springframework.boot.test.autoconfigure.web.servlet.WebMvcTestContextBootstrapper - Loaded default TestExecutionListener class names from location [META-INF/spring.factories]: [org.springframework.boot.test.mock.mockito.MockitoTestExecutionListener, org.springframework.boot.test.mock.mockito.ResetMocksTestExecutionListener, org.springframework.boot.test.autoconfigure.restdocs.RestDocsTestExecutionListener, org.springframework.boot.test.autoconfigure.web.client.MockRestServiceServerResetTestExecutionListener, org.springframework.boot.test.autoconfigure.web.servlet.MockMvcPrintOnlyOnFailureTestExecutionListener, org.springframework.boot.test.autoconfigure.web.servlet.WebDriverTestExecutionListener, org.springframework.test.context.web.ServletTestExecutionListener, org.springframework.test.context.support.DirtiesContextBeforeModesTestExecutionListener, org.springframework.test.context.support.DependencyInjectionTestExecutionListener, org.springframework.test.context.support.DirtiesContextTestExecutionListener, org.springframework.test.context.transaction.TransactionalTestExecutionListener, org.springframework.test.context.jdbc.SqlScriptsTestExecutionListener]
00:09:13.222 [main] INFO org.springframework.boot.test.autoconfigure.web.servlet.WebMvcTestContextBootstrapper - Using TestExecutionListeners: [org.springframework.test.context.web.ServletTestExecutionListener@6bd61f98, org.springframework.test.context.support.DirtiesContextBeforeModesTestExecutionListener@48aca48b, org.springframework.boot.test.mock.mockito.MockitoTestExecutionListener@13fd2ccd, org.springframework.boot.test.autoconfigure.SpringBootDependencyInjectionTestExecutionListener@b9b00e0, org.springframework.test.context.support.DirtiesContextTestExecutionListener@506ae4d4, org.springframework.test.context.transaction.TransactionalTestExecutionListener@7d4f9aae, org.springframework.test.context.jdbc.SqlScriptsTestExecutionListener@72e5a8e, org.springframework.boot.test.mock.mockito.ResetMocksTestExecutionListener@54e1c68b, org.springframework.boot.test.autoconfigure.restdocs.RestDocsTestExecutionListener@53aac487, org.springframework.boot.test.autoconfigure.web.client.MockRestServiceServerResetTestExecutionListener@52b1beb6, org.springframework.boot.test.autoconfigure.web.servlet.MockMvcPrintOnlyOnFailureTestExecutionListener@273e7444, org.springframework.boot.test.autoconfigure.web.servlet.WebDriverTestExecutionListener@7db12bb6]
00:09:13.223 [main] DEBUG org.springframework.test.annotation.ProfileValueUtils - Retrieved @ProfileValueSourceConfiguration [null] for test class [com.bk.hotel.controller.RoomControllerTest]
00:09:13.223 [main] DEBUG org.springframework.test.annotation.ProfileValueUtils - Retrieved ProfileValueSource type [class org.springframework.test.annotation.SystemProfileValueSource] for class [com.bk.hotel.controller.RoomControllerTest]
00:09:13.336 [main] DEBUG org.springframework.test.context.BootstrapUtils - Instantiating CacheAwareContextLoaderDelegate from class [org.springframework.test.context.cache.DefaultCacheAwareContextLoaderDelegate]
00:09:13.336 [main] DEBUG org.springframework.test.context.BootstrapUtils - Instantiating BootstrapContext using constructor [public org.springframework.test.context.support.DefaultBootstrapContext(java.lang.Class,org.springframework.test.context.CacheAwareContextLoaderDelegate)]
00:09:13.337 [main] DEBUG org.springframework.test.context.BootstrapUtils - Instantiating TestContextBootstrapper for test class [com.bk.hotel.repo.CustomerRepoJUnit5Test] from class [org.springframework.boot.test.autoconfigure.orm.jpa.DataJpaTestContextBootstrapper]
00:09:13.337 [main] INFO org.springframework.boot.test.autoconfigure.orm.jpa.DataJpaTestContextBootstrapper - Neither @ContextConfiguration nor @ContextHierarchy found for test class [com.bk.hotel.repo.CustomerRepoJUnit5Test], using SpringBootContextLoader
00:09:13.338 [main] DEBUG org.springframework.test.context.support.AbstractContextLoader - Did not detect default resource location for test class [com.bk.hotel.repo.CustomerRepoJUnit5Test]: class path resource [com/bk/hotel/repo/CustomerRepoJUnit5Test-context.xml] does not exist
00:09:13.339 [main] DEBUG org.springframework.test.context.support.AbstractContextLoader - Did not detect default resource location for test class [com.bk.hotel.repo.CustomerRepoJUnit5Test]: class path resource [com/bk/hotel/repo/CustomerRepoJUnit5TestContext.groovy] does not exist
00:09:13.339 [main] INFO org.springframework.test.context.support.AbstractContextLoader - Could not detect default resource locations for test class [com.bk.hotel.repo.CustomerRepoJUnit5Test]: no resource found for suffixes {-context.xml, Context.groovy}.
00:09:13.339 [main] INFO org.springframework.test.context.support.AnnotationConfigContextLoaderUtils - Could not detect default configuration classes for test class [com.bk.hotel.repo.CustomerRepoJUnit5Test]: CustomerRepoJUnit5Test does not declare any static, non-private, non-final, nested classes annotated with @Configuration.
00:09:13.359 [main] DEBUG org.springframework.test.context.support.ActiveProfilesUtils - Could not find an 'annotation declaring class' for annotation type [org.springframework.test.context.ActiveProfiles] and class [com.bk.hotel.repo.CustomerRepoJUnit5Test]
00:09:13.369 [main] DEBUG org.springframework.context.annotation.ClassPathScanningCandidateComponentProvider - Identified candidate component class: file [/home/hazargn/github_stuff/WelcomeToJunit5/target/classes/com/bk/hotel/HotelApplication.class]
00:09:13.369 [main] INFO org.springframework.boot.test.context.SpringBootTestContextBootstrapper - Found @SpringBootConfiguration com.bk.hotel.HotelApplication for test class com.bk.hotel.repo.CustomerRepoJUnit5Test
00:09:13.379 [main] DEBUG org.springframework.boot.test.autoconfigure.orm.jpa.DataJpaTestContextBootstrapper - @TestExecutionListeners is not present for class [com.bk.hotel.repo.CustomerRepoJUnit5Test]: using defaults.
00:09:13.380 [main] INFO org.springframework.boot.test.autoconfigure.orm.jpa.DataJpaTestContextBootstrapper - Loaded default TestExecutionListener class names from location [META-INF/spring.factories]: [org.springframework.boot.test.mock.mockito.MockitoTestExecutionListener, org.springframework.boot.test.mock.mockito.ResetMocksTestExecutionListener, org.springframework.boot.test.autoconfigure.restdocs.RestDocsTestExecutionListener, org.springframework.boot.test.autoconfigure.web.client.MockRestServiceServerResetTestExecutionListener, org.springframework.boot.test.autoconfigure.web.servlet.MockMvcPrintOnlyOnFailureTestExecutionListener, org.springframework.boot.test.autoconfigure.web.servlet.WebDriverTestExecutionListener, org.springframework.test.context.web.ServletTestExecutionListener, org.springframework.test.context.support.DirtiesContextBeforeModesTestExecutionListener, org.springframework.test.context.support.DependencyInjectionTestExecutionListener, org.springframework.test.context.support.DirtiesContextTestExecutionListener, org.springframework.test.context.transaction.TransactionalTestExecutionListener, org.springframework.test.context.jdbc.SqlScriptsTestExecutionListener]
00:09:13.380 [main] INFO org.springframework.boot.test.autoconfigure.orm.jpa.DataJpaTestContextBootstrapper - Using TestExecutionListeners: [org.springframework.test.context.web.ServletTestExecutionListener@431cd9b2, org.springframework.test.context.support.DirtiesContextBeforeModesTestExecutionListener@38467116, org.springframework.boot.test.mock.mockito.MockitoTestExecutionListener@5b7a7f33, org.springframework.boot.test.autoconfigure.SpringBootDependencyInjectionTestExecutionListener@790da477, org.springframework.test.context.support.DirtiesContextTestExecutionListener@5c7933ad, org.springframework.test.context.transaction.TransactionalTestExecutionListener@57bc27f5, org.springframework.test.context.jdbc.SqlScriptsTestExecutionListener@5fb759d6, org.springframework.boot.test.mock.mockito.ResetMocksTestExecutionListener@4b8d604b, org.springframework.boot.test.autoconfigure.restdocs.RestDocsTestExecutionListener@5e7cd6cc, org.springframework.boot.test.autoconfigure.web.client.MockRestServiceServerResetTestExecutionListener@68c9d179, org.springframework.boot.test.autoconfigure.web.servlet.MockMvcPrintOnlyOnFailureTestExecutionListener@d554c5f, org.springframework.boot.test.autoconfigure.web.servlet.WebDriverTestExecutionListener@2dfaea86]
00:09:13.385 [main] DEBUG org.springframework.test.context.support.AbstractDirtiesContextTestExecutionListener - Before test class: context [DefaultTestContext@4d14b6c2 testClass = CustomerRepoJUnit5Test, testInstance = [null], testMethod = [null], testException = [null], mergedContextConfiguration = [MergedContextConfiguration@7e990ed7 testClass = CustomerRepoJUnit5Test, locations = '{}', classes = '{class com.bk.hotel.HotelApplication}', contextInitializerClasses = '[]', activeProfiles = '{}', propertySourceLocations = '{}', propertySourceProperties = '{org.springframework.boot.test.autoconfigure.orm.jpa.DataJpaTestContextBootstrapper=true}', contextCustomizers = set[[ImportsContextCustomizer@c05fddc key = [org.springframework.boot.autoconfigure.cache.CacheAutoConfiguration, org.springframework.boot.autoconfigure.data.jpa.JpaRepositoriesAutoConfiguration, org.springframework.boot.autoconfigure.flyway.FlywayAutoConfiguration, org.springframework.boot.autoconfigure.jdbc.DataSourceAutoConfiguration, org.springframework.boot.autoconfigure.jdbc.DataSourceTransactionManagerAutoConfiguration, org.springframework.boot.autoconfigure.jdbc.JdbcTemplateAutoConfiguration, org.springframework.boot.autoconfigure.liquibase.LiquibaseAutoConfiguration, org.springframework.boot.autoconfigure.orm.jpa.HibernateJpaAutoConfiguration, org.springframework.boot.autoconfigure.transaction.TransactionAutoConfiguration, org.springframework.boot.test.autoconfigure.jdbc.TestDatabaseAutoConfiguration, org.springframework.boot.test.autoconfigure.orm.jpa.TestEntityManagerAutoConfiguration]], org.springframework.boot.test.context.filter.ExcludeFilterContextCustomizer@5c6648b0, org.springframework.boot.test.json.DuplicateJsonObjectContextCustomizerFactory$DuplicateJsonObjectContextCustomizer@128d2484, org.springframework.boot.test.mock.mockito.MockitoContextCustomizer@0, org.springframework.boot.test.autoconfigure.OverrideAutoConfigurationContextCustomizerFactory$DisableAutoConfigurationContextCustomizer@411f53a0, org.springframework.boot.test.autoconfigure.filter.TypeExcludeFiltersContextCustomizer@351584c0, org.springframework.boot.test.autoconfigure.properties.PropertyMappingContextCustomizer@4c85d36d, org.springframework.boot.test.autoconfigure.web.servlet.WebDriverContextCustomizerFactory$Customizer@489115ef], contextLoader = 'org.springframework.boot.test.context.SpringBootContextLoader', parent = [null]], attributes = map[[empty]]], class annotated with @DirtiesContext [true] with mode [AFTER_CLASS].
00:09:13.551 [main] DEBUG org.springframework.test.context.support.TestPropertySourceUtils - Adding inlined properties to environment: {spring.jmx.enabled=false, org.springframework.boot.test.autoconfigure.orm.jpa.DataJpaTestContextBootstrapper=true, server.port=-1}

  .   ____          _            __ _ _
 /\\ / ___'_ __ _ _(_)_ __  __ _ \ \ \ \
( ( )\___ | '_ | '_| | '_ \/ _` | \ \ \ \
 \\/  ___)| |_)| | | | | || (_| |  ) ) ) )
  '  |____| .__|_| |_|_| |_\__, | / / / /
 =========|_|==============|___/=/_/_/_/
 :: Spring Boot ::        (v2.1.2.RELEASE)

2020-07-14 00:09:13.882  INFO 21660 --- [           main] c.bk.hotel.repo.CustomerRepoJUnit5Test   : Starting CustomerRepoJUnit5Test on hazar-pc with PID 21660 (started by hazargn in /home/hazargn/github_stuff/WelcomeToJunit5)
2020-07-14 00:09:13.894  INFO 21660 --- [           main] c.bk.hotel.repo.CustomerRepoJUnit5Test   : No active profile set, falling back to default profiles: default
2020-07-14 00:09:14.437  INFO 21660 --- [           main] .s.d.r.c.RepositoryConfigurationDelegate : Bootstrapping Spring Data repositories in DEFAULT mode.
2020-07-14 00:09:14.541  INFO 21660 --- [           main] .s.d.r.c.RepositoryConfigurationDelegate : Finished Spring Data repository scanning in 92ms. Found 2 repository interfaces.
2020-07-14 00:09:14.591  INFO 21660 --- [           main] beddedDataSourceBeanFactoryPostProcessor : Replacing 'dataSource' DataSource bean with embedded version
2020-07-14 00:09:14.854  INFO 21660 --- [           main] o.s.j.d.e.EmbeddedDatabaseFactory        : Starting embedded database: url='jdbc:h2:mem:161fe542-a5eb-4f40-96f8-0b1acd5248a9;DB_CLOSE_DELAY=-1;DB_CLOSE_ON_EXIT=false', username='sa'
2020-07-14 00:09:15.373  INFO 21660 --- [           main] o.hibernate.jpa.internal.util.LogHelper  : HHH000204: Processing PersistenceUnitInfo [
	name: default
	...]
2020-07-14 00:09:15.430  INFO 21660 --- [           main] org.hibernate.Version                    : HHH000412: Hibernate Core {5.3.7.Final}
2020-07-14 00:09:15.432  INFO 21660 --- [           main] org.hibernate.cfg.Environment            : HHH000206: hibernate.properties not found
2020-07-14 00:09:15.545  INFO 21660 --- [           main] o.hibernate.annotations.common.Version   : HCANN000001: Hibernate Commons Annotations {5.0.4.Final}
2020-07-14 00:09:15.694  INFO 21660 --- [           main] org.hibernate.dialect.Dialect            : HHH000400: Using dialect: org.hibernate.dialect.H2Dialect
Hibernate: drop table customers if exists
Hibernate: drop sequence if exists hibernate_sequence
Hibernate: create sequence hibernate_sequence start with 1 increment by 1
Hibernate: create table customers (id bigint not null, first_name varchar(255), last_name varchar(255), middle_name varchar(255), suffix varchar(255), room_number varchar(255), room_rate decimal(19,2), room_type varchar(255), primary key (id))
2020-07-14 00:09:16.345  INFO 21660 --- [           main] o.h.t.schema.internal.SchemaCreatorImpl  : HHH000476: Executing import script 'org.hibernate.tool.schema.internal.exec.ScriptSourceInputNonExistentImpl@45a1d057'
2020-07-14 00:09:16.348  INFO 21660 --- [           main] j.LocalContainerEntityManagerFactoryBean : Initialized JPA EntityManagerFactory for persistence unit 'default'
2020-07-14 00:09:16.857  INFO 21660 --- [           main] c.bk.hotel.repo.CustomerRepoJUnit5Test   : Started CustomerRepoJUnit5Test in 3.304 seconds (JVM running for 4.743)
2020-07-14 00:09:16.883  INFO 21660 --- [           main] o.s.t.c.transaction.TransactionContext   : Began transaction (1) for test context [DefaultTestContext@4d14b6c2 testClass = CustomerRepoJUnit5Test, testInstance = com.bk.hotel.repo.CustomerRepoJUnit5Test@447521e, testMethod = testFindCustomersByFNameAndLName@CustomerRepoJUnit5Test, testException = [null], mergedContextConfiguration = [MergedContextConfiguration@7e990ed7 testClass = CustomerRepoJUnit5Test, locations = '{}', classes = '{class com.bk.hotel.HotelApplication}', contextInitializerClasses = '[]', activeProfiles = '{}', propertySourceLocations = '{}', propertySourceProperties = '{org.springframework.boot.test.autoconfigure.orm.jpa.DataJpaTestContextBootstrapper=true}', contextCustomizers = set[[ImportsContextCustomizer@c05fddc key = [org.springframework.boot.autoconfigure.cache.CacheAutoConfiguration, org.springframework.boot.autoconfigure.data.jpa.JpaRepositoriesAutoConfiguration, org.springframework.boot.autoconfigure.flyway.FlywayAutoConfiguration, org.springframework.boot.autoconfigure.jdbc.DataSourceAutoConfiguration, org.springframework.boot.autoconfigure.jdbc.DataSourceTransactionManagerAutoConfiguration, org.springframework.boot.autoconfigure.jdbc.JdbcTemplateAutoConfiguration, org.springframework.boot.autoconfigure.liquibase.LiquibaseAutoConfiguration, org.springframework.boot.autoconfigure.orm.jpa.HibernateJpaAutoConfiguration, org.springframework.boot.autoconfigure.transaction.TransactionAutoConfiguration, org.springframework.boot.test.autoconfigure.jdbc.TestDatabaseAutoConfiguration, org.springframework.boot.test.autoconfigure.orm.jpa.TestEntityManagerAutoConfiguration]], org.springframework.boot.test.context.filter.ExcludeFilterContextCustomizer@5c6648b0, org.springframework.boot.test.json.DuplicateJsonObjectContextCustomizerFactory$DuplicateJsonObjectContextCustomizer@128d2484, org.springframework.boot.test.mock.mockito.MockitoContextCustomizer@0, org.springframework.boot.test.autoconfigure.OverrideAutoConfigurationContextCustomizerFactory$DisableAutoConfigurationContextCustomizer@411f53a0, org.springframework.boot.test.autoconfigure.filter.TypeExcludeFiltersContextCustomizer@351584c0, org.springframework.boot.test.autoconfigure.properties.PropertyMappingContextCustomizer@4c85d36d, org.springframework.boot.test.autoconfigure.web.servlet.WebDriverContextCustomizerFactory$Customizer@489115ef], contextLoader = 'org.springframework.boot.test.context.SpringBootContextLoader', parent = [null]], attributes = map[[empty]]]; transaction manager [org.springframework.orm.jpa.JpaTransactionManager@184823ed]; rollback [true]
Hibernate: insert into customers (id, first_name, last_name, middle_name, suffix) values (null, ?, ?, ?, ?)
2020-07-14 00:09:16.948  WARN 21660 --- [           main] o.h.engine.jdbc.spi.SqlExceptionHelper   : SQL Error: 23502, SQLState: 23502
2020-07-14 00:09:16.948 ERROR 21660 --- [           main] o.h.engine.jdbc.spi.SqlExceptionHelper   : NULL not allowed for column "ID"; SQL statement:
insert into customers (id, first_name, last_name, middle_name, suffix) values (null, ?, ?, ?, ?) [23502-197]
2020-07-14 00:09:16.962  INFO 21660 --- [           main] o.s.t.c.transaction.TransactionContext   : Rolled back transaction for test: [DefaultTestContext@4d14b6c2 testClass = CustomerRepoJUnit5Test, testInstance = com.bk.hotel.repo.CustomerRepoJUnit5Test@447521e, testMethod = testFindCustomersByFNameAndLName@CustomerRepoJUnit5Test, testException = javax.persistence.PersistenceException: org.hibernate.exception.ConstraintViolationException: could not execute statement, mergedContextConfiguration = [MergedContextConfiguration@7e990ed7 testClass = CustomerRepoJUnit5Test, locations = '{}', classes = '{class com.bk.hotel.HotelApplication}', contextInitializerClasses = '[]', activeProfiles = '{}', propertySourceLocations = '{}', propertySourceProperties = '{org.springframework.boot.test.autoconfigure.orm.jpa.DataJpaTestContextBootstrapper=true}', contextCustomizers = set[[ImportsContextCustomizer@c05fddc key = [org.springframework.boot.autoconfigure.cache.CacheAutoConfiguration, org.springframework.boot.autoconfigure.data.jpa.JpaRepositoriesAutoConfiguration, org.springframework.boot.autoconfigure.flyway.FlywayAutoConfiguration, org.springframework.boot.autoconfigure.jdbc.DataSourceAutoConfiguration, org.springframework.boot.autoconfigure.jdbc.DataSourceTransactionManagerAutoConfiguration, org.springframework.boot.autoconfigure.jdbc.JdbcTemplateAutoConfiguration, org.springframework.boot.autoconfigure.liquibase.LiquibaseAutoConfiguration, org.springframework.boot.autoconfigure.orm.jpa.HibernateJpaAutoConfiguration, org.springframework.boot.autoconfigure.transaction.TransactionAutoConfiguration, org.springframework.boot.test.autoconfigure.jdbc.TestDatabaseAutoConfiguration, org.springframework.boot.test.autoconfigure.orm.jpa.TestEntityManagerAutoConfiguration]], org.springframework.boot.test.context.filter.ExcludeFilterContextCustomizer@5c6648b0, org.springframework.boot.test.json.DuplicateJsonObjectContextCustomizerFactory$DuplicateJsonObjectContextCustomizer@128d2484, org.springframework.boot.test.mock.mockito.MockitoContextCustomizer@0, org.springframework.boot.test.autoconfigure.OverrideAutoConfigurationContextCustomizerFactory$DisableAutoConfigurationContextCustomizer@411f53a0, org.springframework.boot.test.autoconfigure.filter.TypeExcludeFiltersContextCustomizer@351584c0, org.springframework.boot.test.autoconfigure.properties.PropertyMappingContextCustomizer@4c85d36d, org.springframework.boot.test.autoconfigure.web.servlet.WebDriverContextCustomizerFactory$Customizer@489115ef], contextLoader = 'org.springframework.boot.test.context.SpringBootContextLoader', parent = [null]], attributes = map[[empty]]]
]]></system-out>
  </testcase>
  <testcase name="testFindAllCustomers{CustomerRepo}" classname="com.bk.hotel.repo.CustomerRepoJUnit5Test" time="0.041">
    <error message="org.hibernate.exception.ConstraintViolationException: could not execute statement" type="javax.persistence.PersistenceException">javax.persistence.PersistenceException: org.hibernate.exception.ConstraintViolationException: could not execute statement
	at com.bk.hotel.repo.CustomerRepoJUnit5Test.testFindAllCustomers(CustomerRepoJUnit5Test.java:50)
Caused by: org.hibernate.exception.ConstraintViolationException: could not execute statement
	at com.bk.hotel.repo.CustomerRepoJUnit5Test.testFindAllCustomers(CustomerRepoJUnit5Test.java:50)
Caused by: org.h2.jdbc.JdbcSQLException: 
NULL not allowed for column "ID"; SQL statement:
insert into customers (id, first_name, last_name, middle_name, suffix) values (null, ?, ?, ?, ?) [23502-197]
	at com.bk.hotel.repo.CustomerRepoJUnit5Test.testFindAllCustomers(CustomerRepoJUnit5Test.java:50)
</error>
    <system-out><![CDATA[2020-07-14 00:09:16.980  INFO 21660 --- [           main] o.s.t.c.transaction.TransactionContext   : Began transaction (1) for test context [DefaultTestContext@4d14b6c2 testClass = CustomerRepoJUnit5Test, testInstance = com.bk.hotel.repo.CustomerRepoJUnit5Test@65f3e805, testMethod = testFindAllCustomers@CustomerRepoJUnit5Test, testException = [null], mergedContextConfiguration = [MergedContextConfiguration@7e990ed7 testClass = CustomerRepoJUnit5Test, locations = '{}', classes = '{class com.bk.hotel.HotelApplication}', contextInitializerClasses = '[]', activeProfiles = '{}', propertySourceLocations = '{}', propertySourceProperties = '{org.springframework.boot.test.autoconfigure.orm.jpa.DataJpaTestContextBootstrapper=true}', contextCustomizers = set[[ImportsContextCustomizer@c05fddc key = [org.springframework.boot.autoconfigure.cache.CacheAutoConfiguration, org.springframework.boot.autoconfigure.data.jpa.JpaRepositoriesAutoConfiguration, org.springframework.boot.autoconfigure.flyway.FlywayAutoConfiguration, org.springframework.boot.autoconfigure.jdbc.DataSourceAutoConfiguration, org.springframework.boot.autoconfigure.jdbc.DataSourceTransactionManagerAutoConfiguration, org.springframework.boot.autoconfigure.jdbc.JdbcTemplateAutoConfiguration, org.springframework.boot.autoconfigure.liquibase.LiquibaseAutoConfiguration, org.springframework.boot.autoconfigure.orm.jpa.HibernateJpaAutoConfiguration, org.springframework.boot.autoconfigure.transaction.TransactionAutoConfiguration, org.springframework.boot.test.autoconfigure.jdbc.TestDatabaseAutoConfiguration, org.springframework.boot.test.autoconfigure.orm.jpa.TestEntityManagerAutoConfiguration]], org.springframework.boot.test.context.filter.ExcludeFilterContextCustomizer@5c6648b0, org.springframework.boot.test.json.DuplicateJsonObjectContextCustomizerFactory$DuplicateJsonObjectContextCustomizer@128d2484, org.springframework.boot.test.mock.mockito.MockitoContextCustomizer@0, org.springframework.boot.test.autoconfigure.OverrideAutoConfigurationContextCustomizerFactory$DisableAutoConfigurationContextCustomizer@411f53a0, org.springframework.boot.test.autoconfigure.filter.TypeExcludeFiltersContextCustomizer@351584c0, org.springframework.boot.test.autoconfigure.properties.PropertyMappingContextCustomizer@4c85d36d, org.springframework.boot.test.autoconfigure.web.servlet.WebDriverContextCustomizerFactory$Customizer@489115ef], contextLoader = 'org.springframework.boot.test.context.SpringBootContextLoader', parent = [null]], attributes = map[[empty]]]; transaction manager [org.springframework.orm.jpa.JpaTransactionManager@184823ed]; rollback [true]
Hibernate: insert into customers (id, first_name, last_name, middle_name, suffix) values (null, ?, ?, ?, ?)
2020-07-14 00:09:16.983  WARN 21660 --- [           main] o.h.engine.jdbc.spi.SqlExceptionHelper   : SQL Error: 23502, SQLState: 23502
2020-07-14 00:09:16.983 ERROR 21660 --- [           main] o.h.engine.jdbc.spi.SqlExceptionHelper   : NULL not allowed for column "ID"; SQL statement:
insert into customers (id, first_name, last_name, middle_name, suffix) values (null, ?, ?, ?, ?) [23502-197]
2020-07-14 00:09:16.987  INFO 21660 --- [           main] o.s.t.c.transaction.TransactionContext   : Rolled back transaction for test: [DefaultTestContext@4d14b6c2 testClass = CustomerRepoJUnit5Test, testInstance = com.bk.hotel.repo.CustomerRepoJUnit5Test@65f3e805, testMethod = testFindAllCustomers@CustomerRepoJUnit5Test, testException = javax.persistence.PersistenceException: org.hibernate.exception.ConstraintViolationException: could not execute statement, mergedContextConfiguration = [MergedContextConfiguration@7e990ed7 testClass = CustomerRepoJUnit5Test, locations = '{}', classes = '{class com.bk.hotel.HotelApplication}', contextInitializerClasses = '[]', activeProfiles = '{}', propertySourceLocations = '{}', propertySourceProperties = '{org.springframework.boot.test.autoconfigure.orm.jpa.DataJpaTestContextBootstrapper=true}', contextCustomizers = set[[ImportsContextCustomizer@c05fddc key = [org.springframework.boot.autoconfigure.cache.CacheAutoConfiguration, org.springframework.boot.autoconfigure.data.jpa.JpaRepositoriesAutoConfiguration, org.springframework.boot.autoconfigure.flyway.FlywayAutoConfiguration, org.springframework.boot.autoconfigure.jdbc.DataSourceAutoConfiguration, org.springframework.boot.autoconfigure.jdbc.DataSourceTransactionManagerAutoConfiguration, org.springframework.boot.autoconfigure.jdbc.JdbcTemplateAutoConfiguration, org.springframework.boot.autoconfigure.liquibase.LiquibaseAutoConfiguration, org.springframework.boot.autoconfigure.orm.jpa.HibernateJpaAutoConfiguration, org.springframework.boot.autoconfigure.transaction.TransactionAutoConfiguration, org.springframework.boot.test.autoconfigure.jdbc.TestDatabaseAutoConfiguration, org.springframework.boot.test.autoconfigure.orm.jpa.TestEntityManagerAutoConfiguration]], org.springframework.boot.test.context.filter.ExcludeFilterContextCustomizer@5c6648b0, org.springframework.boot.test.json.DuplicateJsonObjectContextCustomizerFactory$DuplicateJsonObjectContextCustomizer@128d2484, org.springframework.boot.test.mock.mockito.MockitoContextCustomizer@0, org.springframework.boot.test.autoconfigure.OverrideAutoConfigurationContextCustomizerFactory$DisableAutoConfigurationContextCustomizer@411f53a0, org.springframework.boot.test.autoconfigure.filter.TypeExcludeFiltersContextCustomizer@351584c0, org.springframework.boot.test.autoconfigure.properties.PropertyMappingContextCustomizer@4c85d36d, org.springframework.boot.test.autoconfigure.web.servlet.WebDriverContextCustomizerFactory$Customizer@489115ef], contextLoader = 'org.springframework.boot.test.context.SpringBootContextLoader', parent = [null]], attributes = map[[empty]]]
]]></system-out>
  </testcase>
</testsuite>