<?xml version="1.0" encoding="UTF-8"?>
<testsuite xmlns:xsi="http://www.w3.org/2001/XMLSchema-instance" xsi:noNamespaceSchemaLocation="https://maven.apache.org/surefire/maven-surefire-plugin/xsd/surefire-test-report.xsd" name="com.bk.hotel.controller.RoomControllerTest" time="0.797" tests="2" errors="0" skipped="0" failures="0">
  <properties>
[...]
</properties>
  <testcase name="testCallToCustomersSearchNoParamsPassed" classname="com.bk.hotel.controller.RoomControllerTest" time="0.009"/>
  <testcase name="testSuccessfulCallToCustomersSearchByRoomType" classname="com.bk.hotel.controller.RoomControllerTest" time="0.031"/>
</testsuite>